[11056:3708:0412/220148.318:WARNING:chrome_main_delegate.cc(745)] This is Chrome version 128.0.6613.138 (not a warning)
[11056:3708:0412/220148.435:WARNING:account_consistency_mode_manager.cc(77)] Desktop Identity Consistency cannot be enabled as no OAuth client ID and client secret have been configured.
[11056:20260:0412/220235.013:WARNING:leveldb_database.cc(141)] Unable to open D:\GitHub\Visualizador\Visualizador\Saved\webcache_6613\Default\shared_proto_db\metadata: IO error: D:\GitHub\Visualizador\Visualizador\Saved\webcache_6613\Default\shared_proto_db\metadata/MANIFEST-000001: Unable to create sequential file (ChromeMethodBFE: 7::NewSequentialFile::1)
[11056:20260:0412/220235.017:WARNING:leveldb_database.cc(141)] Unable to open D:\GitHub\Visualizador\Visualizador\Saved\webcache_6613\Default\shared_proto_db\metadata: IO error: D:\GitHub\Visualizador\Visualizador\Saved\webcache_6613\Default\shared_proto_db\metadata/MANIFEST-000001: Unable to create sequential file (ChromeMethodBFE: 7::NewSequentialFile::1)
[11056:20260:0412/220235.018:WARNING:leveldb_database.cc(141)] Unable to open D:\GitHub\Visualizador\Visualizador\Saved\webcache_6613\Default\shared_proto_db\metadata: IO error: D:\GitHub\Visualizador\Visualizador\Saved\webcache_6613\Default\shared_proto_db\metadata/MANIFEST-000001: Unable to create sequential file (ChromeMethodBFE: 7::NewSequentialFile::1)
[11056:20260:0412/220235.020:WARNING:leveldb_database.cc(141)] Unable to open D:\GitHub\Visualizador\Visualizador\Saved\webcache_6613\Default\shared_proto_db\metadata: IO error: D:\GitHub\Visualizador\Visualizador\Saved\webcache_6613\Default\shared_proto_db\metadata/MANIFEST-000001: Unable to create sequential file (ChromeMethodBFE: 7::NewSequentialFile::1)
[11056:20316:0412/220245.813:WARNING:leveldb_database.cc(141)] Unable to open D:\GitHub\Visualizador\Visualizador\Saved\webcache_6613\Default\GCM Store\Encryption: IO error: D:\GitHub\Visualizador\Visualizador\Saved\webcache_6613\Default\GCM Store\Encryption/MANIFEST-000001: Unable to create sequential file (ChromeMethodBFE: 7::NewSequentialFile::1)
[11056:17688:0412/220251.611:WARNING:value_store_frontend.cc(47)] Reading ahfgeienlihckogmohjhadlkjgocpleb.alarms from  failed: IO error: .../MANIFEST-000001: Unable to create sequential file (ChromeMethodBFE: 7::NewSequentialFile::1)
[11056:17688:0412/220251.612:WARNING:value_store_frontend.cc(47)] Reading mhjfbmdgcfjbbpaeojofohoefgiehjai.alarms from  failed: IO error: .../MANIFEST-000001: Unable to create sequential file (ChromeMethodBFE: 7::NewSequentialFile::1)
[11056:3708:0412/220254.270:ERROR:browser_info_manager.cc(781)] Timeout of new browser info response for frame 6-DE6789AC14A439E6F710B170BC78F5F7 (has_rfh=1)
[11056:18600:0412/220254.412:ERROR:cast_crl.cc(443)] CRL - Verification failed.
[3320:13416:0412/220254.615:WARNING:frame_impl.cc(430)] virtual CefFrameImpl::SendProcessMessage sent to detached frame 5-A014234DED7960E587C51CB122F85CFA will be ignored
[11056:3708:0412/220455.714:WARNING:page_discarding_helper.cc(138)] Discarding multiple pages with target (kb): 0
[11056:3708:0412/220500.709:WARNING:page_discarding_helper.cc(138)] Discarding multiple pages with target (kb): 0
[11056:3708:0412/220505.714:WARNING:page_discarding_helper.cc(138)] Discarding multiple pages with target (kb): 0
[11056:3708:0412/220515.750:WARNING:page_discarding_helper.cc(138)] Discarding multiple pages with target (kb): 0
[11056:3708:0412/220520.783:WARNING:page_discarding_helper.cc(138)] Discarding multiple pages with target (kb): 0
[11056:3708:0412/220525.794:WARNING:page_discarding_helper.cc(138)] Discarding multiple pages with target (kb): 0
[11056:3708:0412/220530.835:WARNING:page_discarding_helper.cc(138)] Discarding multiple pages with target (kb): 0
[11056:3708:0412/220615.472:WARNING:pref_notifier_impl.cc(41)] Pref observer for media_router.cast_allow_all_ips found at shutdown.
