Log file open, 04/16/26 13:05:49
LogTrace: Initializing trace...
LogTrace: Finished trace initialization.
LogInit: Session CrashGUID >====================================================
         Session CrashGUID >   UECC-Windows-0A47016F4BE84E17517DF1990A095C51
         Session CrashGUID >====================================================
LogConfig: No local boot hotfix file found at: [../../../../../GitHub/Visualizador/Visualizador/Saved/PersistentDownloadDir/HotfixForNextBoot.txt]
LogPluginManager: Mounting Engine plugin TcpMessaging
LogPluginManager: Mounting Engine plugin PlatformCrypto
LogInit: ExecutableName: UnrealPak.exe
LogInit: Build: ++UE5+Release-5.7-CL-49658320
LogInit: Platform=WindowsEditor
LogInit: MachineId=0d0c5bbf410b6875116f0fad09878a9f
LogInit: DeviceId=
LogInit: Engine Version: 5.7.2-49658320+++UE5+Release-5.7
LogInit: Compatible Engine Version: 5.7.0-47537391+++UE5+Release-5.7
LogInit: Net CL: 47537391
LogInit: OS: Windows 10 (22H2) [10.0.19045.6466] (), CPU: Intel(R) Core(TM) i7-8700K CPU @ 3.70GHz, GPU: NVIDIA GeForce RTX 2060
LogInit: CPU Model ID: 69ea, microcode revision: b4
LogInit: Compiled (64-bit): Jan  9 2026 22:23:11
LogInit: Architecture: x64
LogInit: Compiled with Visual C++: 19.44.35222.00
LogInit: Build Configuration: Development
LogInit: Branch Name: ++UE5+Release-5.7
LogInit: Command Line: -CreateGlobalContainer=D:\GitHub\Visualizador\Visualizador\Saved\StagedBuilds\Windows\Visualizador\Content\Paks\global.utoc -PackageStoreManifest=D:\GitHub\Visualizador\Visualizador\Saved\Cooked\Windows\Visualizador\Metadata\packagestore.manifest -CookedDirectory=D:\GitHub\Visualizador\Visualizador\Saved\Cooked\Windows -Commands="C:\Users\sheshin\AppData\Roaming\Unreal Engine\AutomationTool\Logs\D+EpigGames+UE_5.7\IoStoreCommands.txt" -ScriptObjects=D:\GitHub\Visualizador\Visualizador\Saved\Cooked\Windows\Visualizador\Metadata\scriptobjects.bin -patchpaddingalign=2048 -compressionformats=Oodle -compresslevel=4 -compressmethod=Kraken -cryptokeys=D:\GitHub\Visualizador\Visualizador\Saved\Cooked\Windows\Visualizador\Metadata\Crypto.json -compressionMinBytesSaved=1024 -compressionMinPercentSaved=5 -WriteBackMetadataToAssetRegistry=Disabled -platform=Windows -nopak
LogInit: Base Directory: D:/EpigGames/UE_5.7/Engine/Binaries/Win64/
LogInit: Allocator: Mimalloc
LogInit: Installed Engine Build: 1
LogInit: This binary is optimized with LTO: no, PGO: no, instrumented for PGO data collection: no
LogDevObjectVersion: Number of dev versions registered: 35
LogDevObjectVersion:   Dev-Blueprints (B0D832E4-1F89-4F0D-ACCF-7EB736FD4AA2): 10
LogDevObjectVersion:   Dev-Build (E1C64328-A22C-4D53-A36C-8E866417BD8C): 0
LogDevObjectVersion:   Dev-Core (375EC13C-06E4-48FB-B500-84F0262A717E): 4
LogDevObjectVersion:   Dev-Editor (E4B068ED-F494-42E9-A231-DA0B2E46BB41): 40
LogDevObjectVersion:   Dev-Framework (CFFC743F-43B0-4480-9391-14DF171D2073): 37
LogDevObjectVersion:   Dev-Mobile (B02B49B5-BB20-44E9-A304-32B752E40360): 3
LogDevObjectVersion:   Dev-Networking (A4E4105C-59A1-49B5-A7C5-40C4547EDFEE): 0
LogDevObjectVersion:   Dev-Online (39C831C9-5AE6-47DC-9A44-9C173E1C8E7C): 0
LogDevObjectVersion:   Dev-Physics (78F01B33-EBEA-4F98-B9B4-84EACCB95AA2): 20
LogDevObjectVersion:   Dev-Platform (6631380F-2D4D-43E0-8009-CF276956A95A): 0
LogDevObjectVersion:   Dev-Rendering (12F88B9F-8875-4AFC-A67C-D90C383ABD29): 49
LogDevObjectVersion:   Dev-Sequencer (7B5AE74C-D270-4C10-A958-57980B212A5A): 13
LogDevObjectVersion:   Dev-VR (D7296918-1DD6-4BDD-9DE2-64A83CC13884): 3
LogDevObjectVersion:   Dev-LoadTimes (C2A15278-BFE7-4AFE-6C17-90FF531DF755): 1
LogDevObjectVersion:   Private-Geometry (6EACA3D4-40EC-4CC1-B786-8BED09428FC5): 3
LogDevObjectVersion:   Dev-AnimPhys (29E575DD-E0A3-4627-9D10-D276232CDCEA): 17
LogDevObjectVersion:   Dev-Anim (AF43A65D-7FD3-4947-9873-3E8ED9C1BB05): 15
LogDevObjectVersion:   Dev-ReflectionCapture (6B266CEC-1EC7-4B8F-A30B-E4D90942FC07): 1
LogDevObjectVersion:   Dev-Automation (0DF73D61-A23F-47EA-B727-89E90C41499A): 1
LogDevObjectVersion:   FortniteMain (601D1886-AC64-4F84-AA16-D3DE0DEAC7D6): 225
LogDevObjectVersion:   FortniteValkyrie (8DBC2C5B-54A7-43E0-A768-FCBB7DA29060): 8
LogDevObjectVersion:   FortniteSeason (5B4C06B7-2463-4AF8-805B-BF70CDF5D0DD): 15
LogDevObjectVersion:   FortniteRelease (E7086368-6B23-4C58-8439-1B7016265E91): 17
LogDevObjectVersion:   Dev-Enterprise (9DFFBCD6-494F-0158-E221-12823C92A888): 11
LogDevObjectVersion:   Dev-Niagara (F2AED0AC-9AFE-416F-8664-AA7FFA26D6FC): 1
LogDevObjectVersion:   Dev-Destruction (174F1F0B-B4C6-45A5-B13F-2EE8D0FB917D): 10
LogDevObjectVersion:   Dev-Physics-Ext (35F94A83-E258-406C-A318-09F59610247C): 41
LogDevObjectVersion:   Dev-PhysicsMaterial-Chaos (B68FC16E-8B1B-42E2-B453-215C058844FE): 1
LogDevObjectVersion:   Dev-CineCamera (B2E18506-4273-CFC2-A54E-F4BB758BBA07): 1
LogDevObjectVersion:   Dev-VirtualProduction (64F58936-FD1B-42BA-BA96-7289D5D0FA4E): 1
LogDevObjectVersion:   UE5-Main (697DD581-E64F-41AB-AA4A-51ECBEB7B628): 121
LogDevObjectVersion:   UE5-Release (D89B5E42-24BD-4D46-8412-ACA8DF641779): 61
LogDevObjectVersion:   UE5-SpecialProject (59DA5D52-1232-4948-B878-597870B8E98B): 9
LogDevObjectVersion:   Dev-MediaFramework (6F0ED827-A609-4895-9C91-998D90180EA4): 2
LogDevObjectVersion:   Dev-NaniteResearch (30D58BE3-95EA-4282-A6E3-B159D8EBB06A): 1
LogInit: Presizing for max 100000 objects, including 0 objects not considered by GC.
LogInit: Object subsystem initialized
LogConfig: Applying CVar settings from Section [Startup] File [../../../Engine/Config/ConsoleVariables.ini]
LogConfig: CVar [[r.DumpShaderDebugInfo:2]] deferred - dummy variable created
LogConfig: CVar [[p.chaos.AllowCreatePhysxBodies:1]] deferred - dummy variable created
LogConfig: CVar [[fx.SkipVectorVMBackendOptimizations:1]] deferred - dummy variable created
LogConfig: Applying CVar settings from Section [Startup_Windows] File [../../../Engine/Config/ConsoleVariables.ini]
[2026.04.16-19.05.49:896][  0]LogConfig: Applying CVar settings from Section [ConsoleVariables] File [Engine]
[2026.04.16-19.05.49:896][  0]LogConfig: Set CVar [[WindowsApplication.UseWorkerThreadForRawInput:0]]
[2026.04.16-19.05.49:896][  0]LogInit: Computer: DESKTOP-1LC6AMH
[2026.04.16-19.05.49:896][  0]LogInit: User: sheshin
[2026.04.16-19.05.49:896][  0]LogInit: CPU Page size=4096, Cores=6
[2026.04.16-19.05.49:896][  0]LogInit: High frequency timer resolution =10.000000 MHz
[2026.04.16-19.05.49:896][  0]LogInit: Handheld Device: 0
[2026.04.16-19.05.49:896][  0]LogMemory: Process is running as part of a Windows Job with separate resource limits
[2026.04.16-19.05.49:896][  0]LogMemory: Memory total: Physical=15.9GB (16GB approx) Virtual=35.3GB
[2026.04.16-19.05.49:896][  0]LogMemory: Platform Memory Stats for WindowsEditor
[2026.04.16-19.05.49:896][  0]LogMemory: Process Physical Memory: 70.82 MB used, 70.83 MB peak
[2026.04.16-19.05.49:896][  0]LogMemory: Process Virtual Memory: 119.29 MB used, 119.29 MB peak
[2026.04.16-19.05.49:896][  0]LogMemory: Physical Memory: 11242.17 MB used,  5058.78 MB free, 16300.95 MB total
[2026.04.16-19.05.49:896][  0]LogMemory: Virtual Memory: 29029.06 MB used,  7134.36 MB free, 36163.42 MB total
[2026.04.16-19.05.49:903][  0]LogAssetRegistry: FAssetRegistry took 0.0002 seconds to start up
[2026.04.16-19.05.49:903][  0]LogUObjectArray: 620 objects as part of root set at end of initial load.
[2026.04.16-19.05.49:903][  0]LogUObjectArray: CloseDisregardForGC: 0/0 objects in disregard for GC pool
[2026.04.16-19.05.49:904][  0]LogInit: Using OS detected language ().
[2026.04.16-19.05.49:904][  0]LogInit: Using OS detected locale ().
[2026.04.16-19.05.49:904][  0]LogTextLocalizationManager: No localization for '' exists, so 'en' will be used for the language.
[2026.04.16-19.05.49:904][  0]LogTextLocalizationManager: No localization for '' exists, so 'en' will be used for the locale.
[2026.04.16-19.05.49:904][  0]LogInit: Using OS detected language ().
[2026.04.16-19.05.49:904][  0]LogInit: Using OS detected locale ().
[2026.04.16-19.05.49:904][  0]LogTextLocalizationManager: No localization for '' exists, so 'en' will be used for the language.
[2026.04.16-19.05.49:904][  0]LogTextLocalizationManager: No localization for '' exists, so 'en' will be used for the locale.
[2026.04.16-19.05.49:904][  0]LogPakFile: Display: ProjectDir: ../../../../../GitHub/Visualizador/Visualizador/
[2026.04.16-19.05.49:905][  0]LogIoStore: Display: ==================== IoStore Utils ====================
[2026.04.16-19.05.49:907][  0]LogIoStore: Display: Parsing crypto keys from a crypto key cache file 'D:\GitHub\Visualizador\Visualizador\Saved\Cooked\Windows\Visualizador\Metadata\Crypto.json'
[2026.04.16-19.05.49:913][  0]LogIoStore: Display: Container signing - DISABLED
[2026.04.16-19.05.49:913][  0]LogIoStore: Display: Directory index - ENABLED
[2026.04.16-19.05.49:913][  0]LogIoStore: Display: Using compression format 'Oodle'
[2026.04.16-19.05.49:943][  0]LogConfig: Display: Read in platform Windows ini files took 0.03 seconds
[2026.04.16-19.05.49:943][  0]LogIoStore: Display: Using memory mapping alignment '16384'
[2026.04.16-19.05.49:943][  0]LogIoStore: Display: Using compression block size '65536'
[2026.04.16-19.05.49:943][  0]LogIoStore: Display: Using compression block alignment '2048'
[2026.04.16-19.05.49:943][  0]LogIoStore: Display: Using compression min bytes saved '1024'
[2026.04.16-19.05.49:943][  0]LogIoStore: Display: Using compression min percent saved '5'
[2026.04.16-19.05.49:943][  0]LogIoStore: Display: Using max partition size '0'
[2026.04.16-19.05.49:943][  0]LogIoStore: Display: Not using DDC for compression
[2026.04.16-19.05.49:943][  0]LogIoStore: Display: Using command list file: 'C:\Users\sheshin\AppData\Roaming\Unreal Engine\AutomationTool\Logs\D+EpigGames+UE_5.7\IoStoreCommands.txt'
[2026.04.16-19.05.49:945][  0]LogIoStore: Display: Selected Oodle level 4 (Normal) from command line for shaders
[2026.04.16-19.05.49:946][  0]LogIoStore: Display: Fetched 572 oplog items from Manifest in 0.00 seconds
[2026.04.16-19.05.49:949][  0]LogIoStore: Display: Parsed 572 oplog items 0.00 seconds, 696 chunks
[2026.04.16-19.05.49:952][  0]LogIoStore: Display: Using input asset registry: D:/GitHub/Visualizador/Visualizador/Saved/Cooked/Windows/Visualizador/Metadata/DevelopmentAssetRegistry.bin
[2026.04.16-19.05.49:957][  0]LogIoStore: Display: Loaded 131 chunk hashes from AssetRegistry in 0.01 seconds, 131 hashes updated in 0.00 seconds
[2026.04.16-19.05.49:959][  0]LogIoStore: Display: Searching for cooked assets in folder 'D:\GitHub\Visualizador\Visualizador\Saved\Cooked\Windows'
[2026.04.16-19.05.49:968][  0]LogIoStore: Display: Found '1269' files
[2026.04.16-19.05.49:984][  0]LogIoStore: Display: Creating container targets...
[2026.04.16-19.05.49:987][  0]OodleDataCompression: Display: Oodle v2.9.14 format for pak/iostore with method=Kraken, level=4=Normal
[2026.04.16-19.05.50:033][  0]LogIoStore: Display: Parsing packages...
[2026.04.16-19.05.50:033][  0]LogIoStore: Display: Reading package assets...
[2026.04.16-19.05.50:041][  0]LogIoStore: Display: Packages read 565 files in 0.01 seconds, 917,245 total bytes, 122,354,800 bytes per second
[2026.04.16-19.05.50:044][  0]LogIoStore: Display: Processing shader libraries, compressing with Oodle Mermaid, level 4 (Normal)
[2026.04.16-19.05.50:056][  0]LogShaderLibrary: Display: Created IoStoreShaderArchive header: shaders grouped in 392 groups (140 of them didn't need new indices), average uncompressed size 186057 bytes, min 249 bytes, max 1042221 bytes (r.ShaderCodeLibrary.MaxShaderGroupSize=1048576)
[2026.04.16-19.05.50:220][  0]LogIoStore: Display: Global-PCD3D_SM5(PCD3D_SM5): Recompressed 4659 shaders as 392 groups. Library size changed from 16943 KB (4.20 : 1 ratio) to 7876 KB (9.04 : 1 ratio), 46.49% of previous.
[2026.04.16-19.05.50:224][  0]LogShaderLibrary: Display: Created IoStoreShaderArchive header: shaders grouped in 197 groups (74 of them didn't need new indices), average uncompressed size 87800 bytes, min 325 bytes, max 977285 bytes (r.ShaderCodeLibrary.MaxShaderGroupSize=1048576)
[2026.04.16-19.05.50:258][  0]LogIoStore: Display: Visualizador-PCD3D_SM5(PCD3D_SM5): Recompressed 1373 shaders as 197 groups. Library size changed from 4449 KB (3.80 : 1 ratio) to 1716 KB (9.84 : 1 ratio), 38.57% of previous.
[2026.04.16-19.05.50:271][  0]LogShaderLibrary: Display: Created IoStoreShaderArchive header: shaders grouped in 215 groups (55 of them didn't need new indices), average uncompressed size 169360 bytes, min 2378 bytes, max 1003310 bytes (r.ShaderCodeLibrary.MaxShaderGroupSize=1048576)
[2026.04.16-19.05.50:584][  0]LogIoStore: Display: Visualizador-PCD3D_SM6(PCD3D_SM6): Recompressed 2456 shaders as 215 groups. Library size changed from 26550 KB (1.34 : 1 ratio) to 16288 KB (2.18 : 1 ratio), 61.35% of previous.
[2026.04.16-19.05.50:661][  0]LogShaderLibrary: Display: Created IoStoreShaderArchive header: shaders grouped in 686 groups (160 of them didn't need new indices), average uncompressed size 425465 bytes, min 1249 bytes, max 1054044 bytes (r.ShaderCodeLibrary.MaxShaderGroupSize=1048576)
[2026.04.16-19.05.54:059][  0]LogIoStore: Display: Global-PCD3D_SM6(PCD3D_SM6): Recompressed 10771 shaders as 686 groups. Library size changed from 212457 KB (1.34 : 1 ratio) to 148972 KB (1.91 : 1 ratio), 70.12% of previous.
[2026.04.16-19.05.54:075][  0]LogIoStore: Display: Shaders processed in 4.03 seconds
[2026.04.16-19.05.54:076][  0]LogIoStore: Display: Initialized WriteRequestManager with MaxConcurrentSourceReads=6 (12 cores), MaxSourceBufferMemory=3072MiB
[2026.04.16-19.05.54:079][  0]LogIoStore: Display: Processing redirects...
[2026.04.16-19.05.54:079][  0]LogIoStore: Display: Creating disk layout...
[2026.04.16-19.05.54:080][  0]LogIoStore: Display: Ordered 565 packages using fallback bundle order
[2026.04.16-19.05.54:096][  0]LogIoStore: Display: Serializing container(s)...
[2026.04.16-19.05.56:098][  0]LogIoStore: Display: Writing chunks 1775/2191... [696 compressed] [Physical: 995 MiB, Virtual: 3572 MiB]
[2026.04.16-19.05.56:672][  0]LogIoStore: Display: Writing and compressing took 2.35 seconds, writes to disk took 1.48 seconds for 460,319,440 bytes @ 310,713,269 bytes per second.
[2026.04.16-19.05.56:672][  0]LogIoStore: Display: global: Found perfect hashmap for 1 items.
[2026.04.16-19.05.56:672][  0]LogIoStore: Display: Visualizador-Windows: Found perfect hashmap for 2190 items.
[2026.04.16-19.05.57:041][  0]LogIoStore: Display: Finalize took 0.4 seconds for 2 writers to write 294,173 bytes, 798,000 bytes per second
[2026.04.16-19.05.57:041][  0]LogIoStore: Display: Writing tocs... [Physical: 995 MiB, Virtual: 3572 MiB]
[2026.04.16-19.05.57:041][  0]LogIoStore: Display: 131 / 2,191 hashes were loaded from the hash database, by type:
[2026.04.16-19.05.57:041][  0]LogIoStore: Display:     BulkData                   131
[2026.04.16-19.05.57:041][  0]LogIoStore: Display: 696 / 2,191 chunks attempted to compress, by type:
[2026.04.16-19.05.57:041][  0]LogIoStore: Display:     ExportBundleData           565 / 565
[2026.04.16-19.05.57:041][  0]LogIoStore: Display:     BulkData                   131 / 131
[2026.04.16-19.05.57:041][  0]LogIoStore: Display:     ScriptObjects              0 / 1
[2026.04.16-19.05.57:041][  0]LogIoStore: Display:     ContainerHeader            0 / 1
[2026.04.16-19.05.57:041][  0]LogIoStore: Display:     ShaderCodeLibrary          0 / 4
[2026.04.16-19.05.57:041][  0]LogIoStore: Display:     ShaderCode                 0 / 1,489
[2026.04.16-19.05.57:041][  0]LogIoStore: Display: Source bytes read:
[2026.04.16-19.05.57:041][  0]LogIoStore: Display:     Zen:                                  0
[2026.04.16-19.05.57:041][  0]LogIoStore: Display:     Loose File:                 940,646,406
[2026.04.16-19.05.57:041][  0]LogIoStore: Display:         ExportBundleData        792,257,408 bytes over 1,130 reads
[2026.04.16-19.05.57:041][  0]LogIoStore: Display:         BulkData                148,388,998 bytes over 131 reads
[2026.04.16-19.05.57:041][  0]LogIoStore: Display:     Memory:                     359,635,164
[2026.04.16-19.05.57:041][  0]LogIoStore: Display:         ShaderCodeLibrary         1,534,704 bytes over 8 reads
[2026.04.16-19.05.57:041][  0]LogIoStore: Display:         ShaderCode              358,100,460 bytes over 2,978 reads
[2026.04.16-19.05.57:041][  0]LogIoStore: Display: Calculating stats...
[2026.04.16-19.05.57:042][  0]LogIoStore: Display: 
[2026.04.16-19.05.57:042][  0]LogIoStore: Display: Container Summary
[2026.04.16-19.05.57:042][  0]LogIoStore: Display: ==================
[2026.04.16-19.05.57:042][  0]LogIoStore: Display: 
[2026.04.16-19.05.57:042][  0]LogIoStore: Display: Container                                               Flags      Chunk(s) #       TOC (KiB)       Raw Size (MiB)           Size (MiB)
[2026.04.16-19.05.57:042][  0]LogIoStore: Display: ----------------------------------------------------------------------------------------------------------------------------------------------
[2026.04.16-19.05.57:042][  0]LogIoStore: Display: global                                              -/-/-/-/-               1            0.69                 2.64                 2.64 -
[2026.04.16-19.05.57:042][  0]LogIoStore: Display: Visualizador-Windows                                C/-/-/I/-            2190          286.58               692.94               436.35 (37.03% Oodle)
[2026.04.16-19.05.57:042][  0]LogIoStore: Display: ----------------------------------------------------------------------------------------------------------------------------------------------
[2026.04.16-19.05.57:042][  0]LogIoStore: Display: Total                                                                    2191          287.28               695.59               438.99
[2026.04.16-19.05.57:042][  0]LogIoStore: Display: 
[2026.04.16-19.05.57:042][  0]LogIoStore: Display: ** Flags: (C)ompressed / (E)ncrypted / (S)igned) / (I)ndexed) / (O)nDemand **
[2026.04.16-19.05.57:042][  0]LogIoStore: Display: 
[2026.04.16-19.05.57:042][  0]LogIoStore: Display: Compression block padding:     1.59 MiB
[2026.04.16-19.05.57:042][  0]LogIoStore: Display: 
[2026.04.16-19.05.57:042][  0]LogIoStore: Display: Container Directory Index
[2026.04.16-19.05.57:042][  0]LogIoStore: Display: ==========================
[2026.04.16-19.05.57:042][  0]LogIoStore: Display: 
[2026.04.16-19.05.57:043][  0]LogIoStore: Display: Container                                          Size (KiB)
[2026.04.16-19.05.57:043][  0]LogIoStore: Display: ----------------------------------------------------------------------------------------------------------------------------------------------
[2026.04.16-19.05.57:043][  0]LogIoStore: Display: global                                                   0.00
[2026.04.16-19.05.57:043][  0]LogIoStore: Display: Visualizador-Windows                                    34.00
[2026.04.16-19.05.57:043][  0]LogIoStore: Display: 
[2026.04.16-19.05.57:043][  0]LogIoStore: Display: Container Patch Report
[2026.04.16-19.05.57:043][  0]LogIoStore: Display: ========================
[2026.04.16-19.05.57:043][  0]LogIoStore: Display: 
[2026.04.16-19.05.57:043][  0]LogIoStore: Display: Container                                             Total #       Modified #          Added #   Modified (MiB)      Added (MiB)
[2026.04.16-19.05.57:043][  0]LogIoStore: Display: ----------------------------------------------------------------------------------------------------------------------------------------------
[2026.04.16-19.05.57:043][  0]LogIoStore: Display: global                                                      1                0                0             0.00             0.00
[2026.04.16-19.05.57:043][  0]LogIoStore: Display: Visualizador-Windows                                     2190                0             2190             0.00           434.76
[2026.04.16-19.05.57:043][  0]LogIoStore: Display: 
[2026.04.16-19.05.57:043][  0]LogIoStore: Display: PackageStore
[2026.04.16-19.05.57:043][  0]LogIoStore: Display: =============
[2026.04.16-19.05.57:043][  0]LogIoStore: Display: 
[2026.04.16-19.05.57:043][  0]LogIoStore: Display: Container                                          Size (KiB)      Packages #     Localized #
[2026.04.16-19.05.57:043][  0]LogIoStore: Display: ----------------------------------------------------------------------------------------------------------------------------------------------
[2026.04.16-19.05.57:043][  0]LogIoStore: Display: Visualizador-Windows                                       18             565               0
[2026.04.16-19.05.57:043][  0]LogIoStore: Display: ----------------------------------------------------------------------------------------------------------------------------------------------
[2026.04.16-19.05.57:043][  0]LogIoStore: Display: Total                                                      18             565               0
[2026.04.16-19.05.57:043][  0]LogIoStore: Display: 
[2026.04.16-19.05.57:043][  0]LogIoStore: Display: 
[2026.04.16-19.05.57:043][  0]LogIoStore: Display: Input:       565 Packages
[2026.04.16-19.05.57:043][  0]LogIoStore: Display: Input:    377.78 MiB UExp
[2026.04.16-19.05.57:043][  0]LogIoStore: Display: Input:    895.75 KiB UAsset
[2026.04.16-19.05.57:043][  0]LogIoStore: Display: Input:    141.51 MiB UBulk
[2026.04.16-19.05.57:043][  0]LogIoStore: Display: Input:    153.17 MiB for 1078 Global shaders
[2026.04.16-19.05.57:043][  0]LogIoStore: Display: Input:      1.47 MiB for 177 Shared shaders
[2026.04.16-19.05.57:043][  0]LogIoStore: Display: Input:         0   B for 0 Unique shaders
[2026.04.16-19.05.57:043][  0]LogIoStore: Display: Input:     16.11 MiB for 234 Inline shaders
[2026.04.16-19.05.57:043][  0]LogIoStore: Display: 
[2026.04.16-19.05.57:043][  0]LogIoStore: Display: Output:     5721 Name map entries
[2026.04.16-19.05.57:043][  0]LogIoStore: Display: Output:      590 Imported package entries
[2026.04.16-19.05.57:043][  0]LogIoStore: Display: Output:      345 Packages without imports
[2026.04.16-19.05.57:043][  0]LogIoStore: Display: Output:        0 Public runtime script objects
[2026.04.16-19.05.57:043][  0]LogIoStore: Display: Output:   558.41 KiB HeaderData
[2026.04.16-19.05.57:043][  0]LogIoStore: Display: Output:     2.64 MiB InitialLoadData
[2026.04.16-19.05.57:043][  0]LogIoStore: Display: 
[2026.04.16-19.05.57:054][  0]LogIoStore: Display: Success
[2026.04.16-19.05.57:061][  0]LogPakFile: Display: UnrealPak executed in 7.157042 seconds
[2026.04.16-19.05.57:135][  0]LogCore: Engine exit requested (reason: UnrealPak Exiting)
[2026.04.16-19.05.57:135][  0]LogExit: Preparing to exit.
[2026.04.16-19.05.57:136][  0]LogExit: Object subsystem successfully closed.
[2026.04.16-19.05.57:137][  0]LogPakFile: Destroying PakPlatformFile
[2026.04.16-19.05.57:137][  0]LogExit: Exiting.
[2026.04.16-19.05.57:410][  0]Log file closed, 04/16/26 13:05:57
