Log file open, 04/16/26 13:05:48
LogTrace: Initializing trace...
LogTrace: Finished trace initialization.
LogInit: Session CrashGUID >====================================================
         Session CrashGUID >   UECC-Windows-B9D917774E53EE1C6F3B718CB98EDFF4
         Session CrashGUID >====================================================
LogConfig: No local boot hotfix file found at: [../../../../../GitHub/Visualizador/Visualizador/Saved/PersistentDownloadDir/HotfixForNextBoot.txt]
LogPluginManager: Mounting Engine plugin TcpMessaging
LogPluginManager: Mounting Engine plugin PlatformCrypto
LogInit: ExecutableName: UnrealPak.exe
LogInit: Build: ++UE5+Release-5.7-CL-49658320
LogInit: Platform=WindowsEditor
LogInit: MachineId=0d0c5bbf410b6875116f0fad09878a9f
LogInit: DeviceId=
LogInit: Engine Version: 5.7.2-49658320+++UE5+Release-5.7
LogInit: Compatible Engine Version: 5.7.0-47537391+++UE5+Release-5.7
LogInit: Net CL: 47537391
LogInit: OS: Windows 10 (22H2) [10.0.19045.6466] (), CPU: Intel(R) Core(TM) i7-8700K CPU @ 3.70GHz, GPU: NVIDIA GeForce RTX 2060
LogInit: CPU Model ID: 69ea, microcode revision: b4
LogInit: Compiled (64-bit): Jan  9 2026 22:23:11
LogInit: Architecture: x64
LogInit: Compiled with Visual C++: 19.44.35222.00
LogInit: Build Configuration: Development
LogInit: Branch Name: ++UE5+Release-5.7
LogInit: Command Line: -cryptokeys=D:\GitHub\Visualizador\Visualizador\Saved\Cooked\Windows\Visualizador\Metadata\Crypto.json -patchpaddingalign=2048 -compressionformats=Oodle -compresslevel=4 -compressmethod=Kraken -platform=Windows -CreateMultiple="C:\Users\sheshin\AppData\Roaming\Unreal Engine\AutomationTool\Logs\D+EpigGames+UE_5.7\PakCommands.txt" -nopak
LogInit: Base Directory: D:/EpigGames/UE_5.7/Engine/Binaries/Win64/
LogInit: Allocator: Mimalloc
LogInit: Installed Engine Build: 1
LogInit: This binary is optimized with LTO: no, PGO: no, instrumented for PGO data collection: no
LogDevObjectVersion: Number of dev versions registered: 35
LogDevObjectVersion:   Dev-Blueprints (B0D832E4-1F89-4F0D-ACCF-7EB736FD4AA2): 10
LogDevObjectVersion:   Dev-Build (E1C64328-A22C-4D53-A36C-8E866417BD8C): 0
LogDevObjectVersion:   Dev-Core (375EC13C-06E4-48FB-B500-84F0262A717E): 4
LogDevObjectVersion:   Dev-Editor (E4B068ED-F494-42E9-A231-DA0B2E46BB41): 40
LogDevObjectVersion:   Dev-Framework (CFFC743F-43B0-4480-9391-14DF171D2073): 37
LogDevObjectVersion:   Dev-Mobile (B02B49B5-BB20-44E9-A304-32B752E40360): 3
LogDevObjectVersion:   Dev-Networking (A4E4105C-59A1-49B5-A7C5-40C4547EDFEE): 0
LogDevObjectVersion:   Dev-Online (39C831C9-5AE6-47DC-9A44-9C173E1C8E7C): 0
LogDevObjectVersion:   Dev-Physics (78F01B33-EBEA-4F98-B9B4-84EACCB95AA2): 20
LogDevObjectVersion:   Dev-Platform (6631380F-2D4D-43E0-8009-CF276956A95A): 0
LogDevObjectVersion:   Dev-Rendering (12F88B9F-8875-4AFC-A67C-D90C383ABD29): 49
LogDevObjectVersion:   Dev-Sequencer (7B5AE74C-D270-4C10-A958-57980B212A5A): 13
LogDevObjectVersion:   Dev-VR (D7296918-1DD6-4BDD-9DE2-64A83CC13884): 3
LogDevObjectVersion:   Dev-LoadTimes (C2A15278-BFE7-4AFE-6C17-90FF531DF755): 1
LogDevObjectVersion:   Private-Geometry (6EACA3D4-40EC-4CC1-B786-8BED09428FC5): 3
LogDevObjectVersion:   Dev-AnimPhys (29E575DD-E0A3-4627-9D10-D276232CDCEA): 17
LogDevObjectVersion:   Dev-Anim (AF43A65D-7FD3-4947-9873-3E8ED9C1BB05): 15
LogDevObjectVersion:   Dev-ReflectionCapture (6B266CEC-1EC7-4B8F-A30B-E4D90942FC07): 1
LogDevObjectVersion:   Dev-Automation (0DF73D61-A23F-47EA-B727-89E90C41499A): 1
LogDevObjectVersion:   FortniteMain (601D1886-AC64-4F84-AA16-D3DE0DEAC7D6): 225
LogDevObjectVersion:   FortniteValkyrie (8DBC2C5B-54A7-43E0-A768-FCBB7DA29060): 8
LogDevObjectVersion:   FortniteSeason (5B4C06B7-2463-4AF8-805B-BF70CDF5D0DD): 15
LogDevObjectVersion:   FortniteRelease (E7086368-6B23-4C58-8439-1B7016265E91): 17
LogDevObjectVersion:   Dev-Enterprise (9DFFBCD6-494F-0158-E221-12823C92A888): 11
LogDevObjectVersion:   Dev-Niagara (F2AED0AC-9AFE-416F-8664-AA7FFA26D6FC): 1
LogDevObjectVersion:   Dev-Destruction (174F1F0B-B4C6-45A5-B13F-2EE8D0FB917D): 10
LogDevObjectVersion:   Dev-Physics-Ext (35F94A83-E258-406C-A318-09F59610247C): 41
LogDevObjectVersion:   Dev-PhysicsMaterial-Chaos (B68FC16E-8B1B-42E2-B453-215C058844FE): 1
LogDevObjectVersion:   Dev-CineCamera (B2E18506-4273-CFC2-A54E-F4BB758BBA07): 1
LogDevObjectVersion:   Dev-VirtualProduction (64F58936-FD1B-42BA-BA96-7289D5D0FA4E): 1
LogDevObjectVersion:   UE5-Main (697DD581-E64F-41AB-AA4A-51ECBEB7B628): 121
LogDevObjectVersion:   UE5-Release (D89B5E42-24BD-4D46-8412-ACA8DF641779): 61
LogDevObjectVersion:   UE5-SpecialProject (59DA5D52-1232-4948-B878-597870B8E98B): 9
LogDevObjectVersion:   Dev-MediaFramework (6F0ED827-A609-4895-9C91-998D90180EA4): 2
LogDevObjectVersion:   Dev-NaniteResearch (30D58BE3-95EA-4282-A6E3-B159D8EBB06A): 1
LogInit: Presizing for max 100000 objects, including 0 objects not considered by GC.
LogInit: Object subsystem initialized
LogConfig: Applying CVar settings from Section [Startup] File [../../../Engine/Config/ConsoleVariables.ini]
LogConfig: CVar [[r.DumpShaderDebugInfo:2]] deferred - dummy variable created
LogConfig: CVar [[p.chaos.AllowCreatePhysxBodies:1]] deferred - dummy variable created
LogConfig: CVar [[fx.SkipVectorVMBackendOptimizations:1]] deferred - dummy variable created
LogConfig: Applying CVar settings from Section [Startup_Windows] File [../../../Engine/Config/ConsoleVariables.ini]
LogConfig: Applying CVar settings from Section [ConsoleVariables] File [Engine]
LogConfig: Set CVar [[WindowsApplication.UseWorkerThreadForRawInput:0]]
[2026.04.16-19.05.48:475][  0]LogInit: Computer: DESKTOP-1LC6AMH
[2026.04.16-19.05.48:475][  0]LogInit: User: sheshin
[2026.04.16-19.05.48:475][  0]LogInit: CPU Page size=4096, Cores=6
[2026.04.16-19.05.48:475][  0]LogInit: High frequency timer resolution =10.000000 MHz
[2026.04.16-19.05.48:475][  0]LogInit: Handheld Device: 0
[2026.04.16-19.05.48:475][  0]LogMemory: Process is running as part of a Windows Job with separate resource limits
[2026.04.16-19.05.48:475][  0]LogMemory: Memory total: Physical=15.9GB (16GB approx) Virtual=35.3GB
[2026.04.16-19.05.48:475][  0]LogMemory: Platform Memory Stats for WindowsEditor
[2026.04.16-19.05.48:475][  0]LogMemory: Process Physical Memory: 70.80 MB used, 70.80 MB peak
[2026.04.16-19.05.48:475][  0]LogMemory: Process Virtual Memory: 119.28 MB used, 119.28 MB peak
[2026.04.16-19.05.48:475][  0]LogMemory: Physical Memory: 11167.57 MB used,  5133.38 MB free, 16300.95 MB total
[2026.04.16-19.05.48:475][  0]LogMemory: Virtual Memory: 29030.20 MB used,  7133.22 MB free, 36163.42 MB total
[2026.04.16-19.05.48:501][  0]LogAssetRegistry: FAssetRegistry took 0.0060 seconds to start up
[2026.04.16-19.05.48:503][  0]LogUObjectArray: 620 objects as part of root set at end of initial load.
[2026.04.16-19.05.48:503][  0]LogUObjectArray: CloseDisregardForGC: 0/0 objects in disregard for GC pool
[2026.04.16-19.05.48:504][  0]LogInit: Using OS detected language ().
[2026.04.16-19.05.48:504][  0]LogInit: Using OS detected locale ().
[2026.04.16-19.05.48:504][  0]LogTextLocalizationManager: No localization for '' exists, so 'en' will be used for the language.
[2026.04.16-19.05.48:504][  0]LogTextLocalizationManager: No localization for '' exists, so 'en' will be used for the locale.
[2026.04.16-19.05.48:504][  0]LogInit: Using OS detected language ().
[2026.04.16-19.05.48:504][  0]LogInit: Using OS detected locale ().
[2026.04.16-19.05.48:504][  0]LogTextLocalizationManager: No localization for '' exists, so 'en' will be used for the language.
[2026.04.16-19.05.48:504][  0]LogTextLocalizationManager: No localization for '' exists, so 'en' will be used for the locale.
[2026.04.16-19.05.48:505][  0]LogPakFile: Display: ProjectDir: ../../../../../GitHub/Visualizador/Visualizador/
[2026.04.16-19.05.48:506][  0]LogPakFile: Display: Parsing crypto keys from a crypto key cache file
[2026.04.16-19.05.48:510][  0]LogPakFile: Engine only spawned 10 worker threads, bumping up to 11!
[2026.04.16-19.05.48:512][  0]LogPakFile: Display: CompressionFormats in priority order: Oodle, Zlib
[2026.04.16-19.05.48:512][  0]LogPakFile: Display: Oodle enabled on 'NoPluginCompression' files
[2026.04.16-19.05.48:512][  0]LogPakFile: Display: Loading response file D:\EpigGames\UE_5.7\Engine\Programs\AutomationTool\Saved\ResponseFiles\PakList_Visualizador-Windows.txt
[2026.04.16-19.05.48:517][  0]LogPakFile: Display: Added 1685 entries to add to pak file.
[2026.04.16-19.05.48:517][  0]LogPakFile: Display: Collecting files to add to pak file...
[2026.04.16-19.05.48:524][  0]LogPakFile: Display: Collected 1685 files in 0.01s.
[2026.04.16-19.05.48:524][  0]LogPakFile: Display: Creating pak D:/GitHub/Visualizador/Visualizador/Saved/StagedBuilds/Windows/Visualizador/Content/Paks/Visualizador-Windows.pak.
[2026.04.16-19.05.48:528][  0]OodleDataCompression: Display: Oodle v2.9.14 format for pak/iostore with method=Kraken, level=4=Normal
[2026.04.16-19.05.49:568][  0]LogPakFile: Display: Created pak file: D:/GitHub/Visualizador/Visualizador/Saved/StagedBuilds/Windows/Visualizador/Content/Paks/Visualizador-Windows.pak
[2026.04.16-19.05.49:579][  0]LogPakFile: Display: CompressionFormat 0 [Oodle] : 387 files, 28349429 -> 9583495 bytes
[2026.04.16-19.05.49:579][  0]LogPakFile: Display: CompressionFormat 2 [None] : 1298 files, 763540 -> 763540 bytes
[2026.04.16-19.05.49:579][  0]LogPakFile: Display: Added 1685 files, 10995731 bytes total
[2026.04.16-19.05.49:579][  0]LogPakFile: Display: PrimaryIndex size: 23526 bytes
[2026.04.16-19.05.49:579][  0]LogPakFile: Display: PathHashIndex size: 51653 bytes
[2026.04.16-19.05.49:579][  0]LogPakFile: Display: FullDirectoryIndex size: 54689 bytes
[2026.04.16-19.05.49:579][  0]LogPakFile: Display: Compression summary: 33.80% of original size. Compressed Size 9583495 bytes, Original Size 28349429 bytes. 
[2026.04.16-19.05.49:579][  0]LogPakFile: Display: Encryption - DISABLED
[2026.04.16-19.05.49:579][  0]LogPakFile: Display: 
[2026.04.16-19.05.49:579][  0]LogPakFile: Display: Writer and Compression Threads exited.
[2026.04.16-19.05.49:579][  0]LogPakFile: Display: UnrealPak executed in 1.075574 seconds
[2026.04.16-19.05.49:591][  0]LogCore: Engine exit requested (reason: UnrealPak Exiting)
[2026.04.16-19.05.49:591][  0]LogExit: Preparing to exit.
[2026.04.16-19.05.49:630][  0]LogExit: Object subsystem successfully closed.
[2026.04.16-19.05.49:633][  0]LogPakFile: Destroying PakPlatformFile
[2026.04.16-19.05.49:635][  0]LogExit: Exiting.
[2026.04.16-19.05.49:653][  0]Log file closed, 04/16/26 13:05:49
